<?xml version="1.0" encoding="UTF-8"?>
<!-- Generated by org.testng.reporters.JUnitReportReporter -->
<testsuite hostname="LAPTOP-TJ33SVI5" name="mar2.PropertyFiles" tests="1" failures="0" timestamp="25 Apr 2021 17:36:40 GMT" time="41.489" errors="0">
  <testcase name="verifylogin" time="41.489" classname="mar2.PropertyFiles"/>
</testsuite> <!-- mar2.PropertyFiles -->
